!SESSION 2024-02-24 14:35:40.530 -----------------------------------------------
eclipse.buildId=unknown
java.fullversion=11.0.13+8
JRE 11 Windows 10 amd64-64-Bit Compressed References 20211022_218 (JIT enabled, AOT enabled)
OpenJ9   - e1e72c497
OMR      - 299b6a2d2
JCL      - 2d83aa3b76 based on jdk-11.0.13+8
BootLoader constants: OS=win32, ARCH=x86_64, WS=win32, NL=en_US
Command-line arguments:  -clean -nl en_US -configuration C:\Users\reube\Desktop\Coding\pds\.metadata\workspace_oplrun

!ENTRY ilog.odms.ide.opllang.remote 1 0 2024-02-24 14:35:40.530
!MESSAGE Run basket_design in C:/Users/reube/Desktop/Coding/pds/cplex

!ENTRY ilog.odms.ide.opllang.remote 4 0 2024-02-24 14:35:42.395
!MESSAGE load failed
!STACK 1
org.eclipse.core.runtime.CoreException: load failed
	at ilog.odms.ide.opllang.remote.IloOplRunConfigRunner.doSetUpModel(IloOplRunConfigRunner.java:146)
	at ilog.odms.ide.opllang.remote.IloOplRunConfigRunner.doRun(IloOplRunConfigRunner.java:374)
	at ilog.odms.ide.opllang.run.IloAbstractRunShell$2.run(IloAbstractRunShell.java:1605)
	at org.eclipse.core.internal.jobs.Worker.run(Worker.java:63)
Caused by: ilog.concert.IloException: Processing failed.
	at ilog.opl.opl_lang_wrapJNI.IloOplRunConfiguration_getCppOplModel(Native Method)
	at ilog.opl.IloOplRunConfiguration.getCppOplModel(IloOplRunConfiguration.java:240)
	at ilog.opl.IloOplRunConfiguration.getOplModel(IloOplRunConfiguration.java:139)
	at ilog.odms.ide.opllang.remote.IloOplRunConfigRunner.doSetUpModel(IloOplRunConfigRunner.java:140)
	... 3 more
!SUBENTRY 1 ilog.odms.ide.opllang.remote 4 0 2024-02-24 14:35:42.419
!MESSAGE load failed
!STACK 0
ilog.concert.IloException: Processing failed.
	at ilog.opl.opl_lang_wrapJNI.IloOplRunConfiguration_getCppOplModel(Native Method)
	at ilog.opl.IloOplRunConfiguration.getCppOplModel(IloOplRunConfiguration.java:240)
	at ilog.opl.IloOplRunConfiguration.getOplModel(IloOplRunConfiguration.java:139)
	at ilog.odms.ide.opllang.remote.IloOplRunConfigRunner.doSetUpModel(IloOplRunConfigRunner.java:140)
	at ilog.odms.ide.opllang.remote.IloOplRunConfigRunner.doRun(IloOplRunConfigRunner.java:374)
	at ilog.odms.ide.opllang.run.IloAbstractRunShell$2.run(IloAbstractRunShell.java:1605)
	at org.eclipse.core.internal.jobs.Worker.run(Worker.java:63)
!SESSION 2024-02-24 14:36:01.911 -----------------------------------------------
eclipse.buildId=unknown
java.fullversion=11.0.13+8
JRE 11 Windows 10 amd64-64-Bit Compressed References 20211022_218 (JIT enabled, AOT enabled)
OpenJ9   - e1e72c497
OMR      - 299b6a2d2
JCL      - 2d83aa3b76 based on jdk-11.0.13+8
BootLoader constants: OS=win32, ARCH=x86_64, WS=win32, NL=en_US
Command-line arguments:  -clean -nl en_US -configuration C:\Users\reube\Desktop\Coding\pds\.metadata\workspace_oplrun

!ENTRY ilog.odms.ide.opllang.remote 1 0 2024-02-24 14:36:01.913
!MESSAGE Run basket_design in C:/Users/reube/Desktop/Coding/pds/cplex

!ENTRY ilog.odms.ide.opllang.remote 4 0 2024-02-24 14:36:02.012
!MESSAGE load failed
!STACK 1
org.eclipse.core.runtime.CoreException: load failed
	at ilog.odms.ide.opllang.remote.IloOplRunConfigRunner.doSetUpModel(IloOplRunConfigRunner.java:146)
	at ilog.odms.ide.opllang.remote.IloOplRunConfigRunner.doRun(IloOplRunConfigRunner.java:374)
	at ilog.odms.ide.opllang.run.IloAbstractRunShell$2.run(IloAbstractRunShell.java:1605)
	at org.eclipse.core.internal.jobs.Worker.run(Worker.java:63)
Caused by: ilog.concert.IloException: Processing failed.
	at ilog.opl.opl_lang_wrapJNI.IloOplRunConfiguration_getCppOplModel(Native Method)
	at ilog.opl.IloOplRunConfiguration.getCppOplModel(IloOplRunConfiguration.java:240)
	at ilog.opl.IloOplRunConfiguration.getOplModel(IloOplRunConfiguration.java:139)
	at ilog.odms.ide.opllang.remote.IloOplRunConfigRunner.doSetUpModel(IloOplRunConfigRunner.java:140)
	... 3 more
!SUBENTRY 1 ilog.odms.ide.opllang.remote 4 0 2024-02-24 14:36:02.014
!MESSAGE load failed
!STACK 0
ilog.concert.IloException: Processing failed.
	at ilog.opl.opl_lang_wrapJNI.IloOplRunConfiguration_getCppOplModel(Native Method)
	at ilog.opl.IloOplRunConfiguration.getCppOplModel(IloOplRunConfiguration.java:240)
	at ilog.opl.IloOplRunConfiguration.getOplModel(IloOplRunConfiguration.java:139)
	at ilog.odms.ide.opllang.remote.IloOplRunConfigRunner.doSetUpModel(IloOplRunConfigRunner.java:140)
	at ilog.odms.ide.opllang.remote.IloOplRunConfigRunner.doRun(IloOplRunConfigRunner.java:374)
	at ilog.odms.ide.opllang.run.IloAbstractRunShell$2.run(IloAbstractRunShell.java:1605)
	at org.eclipse.core.internal.jobs.Worker.run(Worker.java:63)
!SESSION 2024-02-24 14:36:50.611 -----------------------------------------------
eclipse.buildId=unknown
java.fullversion=11.0.13+8
JRE 11 Windows 10 amd64-64-Bit Compressed References 20211022_218 (JIT enabled, AOT enabled)
OpenJ9   - e1e72c497
OMR      - 299b6a2d2
JCL      - 2d83aa3b76 based on jdk-11.0.13+8
BootLoader constants: OS=win32, ARCH=x86_64, WS=win32, NL=en_US
Command-line arguments:  -clean -nl en_US -configuration C:\Users\reube\Desktop\Coding\pds\.metadata\workspace_oplrun

!ENTRY ilog.odms.ide.opllang.remote 1 0 2024-02-24 14:36:50.612
!MESSAGE Run basket_design in C:/Users/reube/Desktop/Coding/pds/cplex

!ENTRY ilog.odms.ide.opllang.remote 4 0 2024-02-24 14:36:50.813
!MESSAGE load failed
!STACK 1
org.eclipse.core.runtime.CoreException: load failed
	at ilog.odms.ide.opllang.remote.IloOplRunConfigRunner.doSetUpModel(IloOplRunConfigRunner.java:146)
	at ilog.odms.ide.opllang.remote.IloOplRunConfigRunner.doRun(IloOplRunConfigRunner.java:374)
	at ilog.odms.ide.opllang.run.IloAbstractRunShell$2.run(IloAbstractRunShell.java:1605)
	at org.eclipse.core.internal.jobs.Worker.run(Worker.java:63)
Caused by: ilog.concert.IloException: Processing failed.
	at ilog.opl.opl_lang_wrapJNI.IloOplRunConfiguration_getCppOplModel(Native Method)
	at ilog.opl.IloOplRunConfiguration.getCppOplModel(IloOplRunConfiguration.java:240)
	at ilog.opl.IloOplRunConfiguration.getOplModel(IloOplRunConfiguration.java:139)
	at ilog.odms.ide.opllang.remote.IloOplRunConfigRunner.doSetUpModel(IloOplRunConfigRunner.java:140)
	... 3 more
!SUBENTRY 1 ilog.odms.ide.opllang.remote 4 0 2024-02-24 14:36:50.830
!MESSAGE load failed
!STACK 0
ilog.concert.IloException: Processing failed.
	at ilog.opl.opl_lang_wrapJNI.IloOplRunConfiguration_getCppOplModel(Native Method)
	at ilog.opl.IloOplRunConfiguration.getCppOplModel(IloOplRunConfiguration.java:240)
	at ilog.opl.IloOplRunConfiguration.getOplModel(IloOplRunConfiguration.java:139)
	at ilog.odms.ide.opllang.remote.IloOplRunConfigRunner.doSetUpModel(IloOplRunConfigRunner.java:140)
	at ilog.odms.ide.opllang.remote.IloOplRunConfigRunner.doRun(IloOplRunConfigRunner.java:374)
	at ilog.odms.ide.opllang.run.IloAbstractRunShell$2.run(IloAbstractRunShell.java:1605)
	at org.eclipse.core.internal.jobs.Worker.run(Worker.java:63)
!SESSION 2024-02-24 14:37:59.473 -----------------------------------------------
eclipse.buildId=unknown
java.fullversion=11.0.13+8
JRE 11 Windows 10 amd64-64-Bit Compressed References 20211022_218 (JIT enabled, AOT enabled)
OpenJ9   - e1e72c497
OMR      - 299b6a2d2
JCL      - 2d83aa3b76 based on jdk-11.0.13+8
BootLoader constants: OS=win32, ARCH=x86_64, WS=win32, NL=en_US
Command-line arguments:  -clean -nl en_US -configuration C:\Users\reube\Desktop\Coding\pds\.metadata\workspace_oplrun

!ENTRY ilog.odms.ide.opllang.remote 1 0 2024-02-24 14:37:59.473
!MESSAGE Run basket_design in C:/Users/reube/Desktop/Coding/pds/cplex
!SESSION 2024-02-24 14:38:33.692 -----------------------------------------------
eclipse.buildId=unknown
java.fullversion=11.0.13+8
JRE 11 Windows 10 amd64-64-Bit Compressed References 20211022_218 (JIT enabled, AOT enabled)
OpenJ9   - e1e72c497
OMR      - 299b6a2d2
JCL      - 2d83aa3b76 based on jdk-11.0.13+8
BootLoader constants: OS=win32, ARCH=x86_64, WS=win32, NL=en_US
Command-line arguments:  -clean -nl en_US -configuration C:\Users\reube\Desktop\Coding\pds\.metadata\workspace_oplrun

!ENTRY ilog.odms.ide.opllang.remote 1 0 2024-02-24 14:38:33.693
!MESSAGE Run basket_design in C:/Users/reube/Desktop/Coding/pds/cplex
!SESSION 2024-02-24 14:44:46.263 -----------------------------------------------
eclipse.buildId=unknown
java.fullversion=11.0.13+8
JRE 11 Windows 10 amd64-64-Bit Compressed References 20211022_218 (JIT enabled, AOT enabled)
OpenJ9   - e1e72c497
OMR      - 299b6a2d2
JCL      - 2d83aa3b76 based on jdk-11.0.13+8
BootLoader constants: OS=win32, ARCH=x86_64, WS=win32, NL=en_US
Command-line arguments:  -clean -nl en_US -configuration C:\Users\reube\Desktop\Coding\pds\.metadata\workspace_oplrun

!ENTRY ilog.odms.ide.opllang.remote 1 0 2024-02-24 14:44:46.264
!MESSAGE Run basket_design in C:/Users/reube/Desktop/Coding/pds/cplex

!ENTRY ilog.odms.ide.opllang.remote 4 0 2024-02-24 14:44:46.411
!MESSAGE load failed
!STACK 1
org.eclipse.core.runtime.CoreException: load failed
	at ilog.odms.ide.opllang.remote.IloOplRunConfigRunner.doSetUpModel(IloOplRunConfigRunner.java:146)
	at ilog.odms.ide.opllang.remote.IloOplRunConfigRunner.doRun(IloOplRunConfigRunner.java:374)
	at ilog.odms.ide.opllang.run.IloAbstractRunShell$2.run(IloAbstractRunShell.java:1605)
	at org.eclipse.core.internal.jobs.Worker.run(Worker.java:63)
Caused by: ilog.concert.IloException: Impossible to load model.
	at ilog.opl.opl_lang_wrapJNI.IloOplRunConfiguration_getCppOplModel(Native Method)
	at ilog.opl.IloOplRunConfiguration.getCppOplModel(IloOplRunConfiguration.java:240)
	at ilog.opl.IloOplRunConfiguration.getOplModel(IloOplRunConfiguration.java:139)
	at ilog.odms.ide.opllang.remote.IloOplRunConfigRunner.doSetUpModel(IloOplRunConfigRunner.java:140)
	... 3 more
!SUBENTRY 1 ilog.odms.ide.opllang.remote 4 0 2024-02-24 14:44:46.417
!MESSAGE load failed
!STACK 0
ilog.concert.IloException: Impossible to load model.
	at ilog.opl.opl_lang_wrapJNI.IloOplRunConfiguration_getCppOplModel(Native Method)
	at ilog.opl.IloOplRunConfiguration.getCppOplModel(IloOplRunConfiguration.java:240)
	at ilog.opl.IloOplRunConfiguration.getOplModel(IloOplRunConfiguration.java:139)
	at ilog.odms.ide.opllang.remote.IloOplRunConfigRunner.doSetUpModel(IloOplRunConfigRunner.java:140)
	at ilog.odms.ide.opllang.remote.IloOplRunConfigRunner.doRun(IloOplRunConfigRunner.java:374)
	at ilog.odms.ide.opllang.run.IloAbstractRunShell$2.run(IloAbstractRunShell.java:1605)
	at org.eclipse.core.internal.jobs.Worker.run(Worker.java:63)
!SESSION 2024-02-24 14:45:23.031 -----------------------------------------------
eclipse.buildId=unknown
java.fullversion=11.0.13+8
JRE 11 Windows 10 amd64-64-Bit Compressed References 20211022_218 (JIT enabled, AOT enabled)
OpenJ9   - e1e72c497
OMR      - 299b6a2d2
JCL      - 2d83aa3b76 based on jdk-11.0.13+8
BootLoader constants: OS=win32, ARCH=x86_64, WS=win32, NL=en_US
Command-line arguments:  -clean -nl en_US -configuration C:\Users\reube\Desktop\Coding\pds\.metadata\workspace_oplrun

!ENTRY ilog.odms.ide.opllang.remote 1 0 2024-02-24 14:45:23.031
!MESSAGE Run basket_design in C:/Users/reube/Desktop/Coding/pds/cplex

!ENTRY ilog.odms.ide.opllang.remote 4 0 2024-02-24 14:45:23.105
!MESSAGE load failed
!STACK 1
org.eclipse.core.runtime.CoreException: load failed
	at ilog.odms.ide.opllang.remote.IloOplRunConfigRunner.doSetUpModel(IloOplRunConfigRunner.java:146)
	at ilog.odms.ide.opllang.remote.IloOplRunConfigRunner.doRun(IloOplRunConfigRunner.java:374)
	at ilog.odms.ide.opllang.run.IloAbstractRunShell$2.run(IloAbstractRunShell.java:1605)
	at org.eclipse.core.internal.jobs.Worker.run(Worker.java:63)
Caused by: ilog.concert.IloException: Impossible to load model.
	at ilog.opl.opl_lang_wrapJNI.IloOplRunConfiguration_getCppOplModel(Native Method)
	at ilog.opl.IloOplRunConfiguration.getCppOplModel(IloOplRunConfiguration.java:240)
	at ilog.opl.IloOplRunConfiguration.getOplModel(IloOplRunConfiguration.java:139)
	at ilog.odms.ide.opllang.remote.IloOplRunConfigRunner.doSetUpModel(IloOplRunConfigRunner.java:140)
	... 3 more
!SUBENTRY 1 ilog.odms.ide.opllang.remote 4 0 2024-02-24 14:45:23.112
!MESSAGE load failed
!STACK 0
ilog.concert.IloException: Impossible to load model.
	at ilog.opl.opl_lang_wrapJNI.IloOplRunConfiguration_getCppOplModel(Native Method)
	at ilog.opl.IloOplRunConfiguration.getCppOplModel(IloOplRunConfiguration.java:240)
	at ilog.opl.IloOplRunConfiguration.getOplModel(IloOplRunConfiguration.java:139)
	at ilog.odms.ide.opllang.remote.IloOplRunConfigRunner.doSetUpModel(IloOplRunConfigRunner.java:140)
	at ilog.odms.ide.opllang.remote.IloOplRunConfigRunner.doRun(IloOplRunConfigRunner.java:374)
	at ilog.odms.ide.opllang.run.IloAbstractRunShell$2.run(IloAbstractRunShell.java:1605)
	at org.eclipse.core.internal.jobs.Worker.run(Worker.java:63)
!SESSION 2024-02-24 14:50:46.017 -----------------------------------------------
eclipse.buildId=unknown
java.fullversion=11.0.13+8
JRE 11 Windows 10 amd64-64-Bit Compressed References 20211022_218 (JIT enabled, AOT enabled)
OpenJ9   - e1e72c497
OMR      - 299b6a2d2
JCL      - 2d83aa3b76 based on jdk-11.0.13+8
BootLoader constants: OS=win32, ARCH=x86_64, WS=win32, NL=en_US
Command-line arguments:  -clean -nl en_US -configuration C:\Users\reube\Desktop\Coding\pds\.metadata\workspace_oplrun

!ENTRY ilog.odms.ide.opllang.remote 1 0 2024-02-24 14:50:46.017
!MESSAGE Run basket_design in C:/Users/reube/Desktop/Coding/pds/cplex

!ENTRY ilog.odms.ide.opllang.remote 4 0 2024-02-24 14:50:46.117
!MESSAGE load failed
!STACK 1
org.eclipse.core.runtime.CoreException: load failed
	at ilog.odms.ide.opllang.remote.IloOplRunConfigRunner.doSetUpModel(IloOplRunConfigRunner.java:146)
	at ilog.odms.ide.opllang.remote.IloOplRunConfigRunner.doRun(IloOplRunConfigRunner.java:374)
	at ilog.odms.ide.opllang.run.IloAbstractRunShell$2.run(IloAbstractRunShell.java:1605)
	at org.eclipse.core.internal.jobs.Worker.run(Worker.java:63)
Caused by: ilog.concert.IloException: Impossible to load model.
	at ilog.opl.opl_lang_wrapJNI.IloOplRunConfiguration_getCppOplModel(Native Method)
	at ilog.opl.IloOplRunConfiguration.getCppOplModel(IloOplRunConfiguration.java:240)
	at ilog.opl.IloOplRunConfiguration.getOplModel(IloOplRunConfiguration.java:139)
	at ilog.odms.ide.opllang.remote.IloOplRunConfigRunner.doSetUpModel(IloOplRunConfigRunner.java:140)
	... 3 more
!SUBENTRY 1 ilog.odms.ide.opllang.remote 4 0 2024-02-24 14:50:46.117
!MESSAGE load failed
!STACK 0
ilog.concert.IloException: Impossible to load model.
	at ilog.opl.opl_lang_wrapJNI.IloOplRunConfiguration_getCppOplModel(Native Method)
	at ilog.opl.IloOplRunConfiguration.getCppOplModel(IloOplRunConfiguration.java:240)
	at ilog.opl.IloOplRunConfiguration.getOplModel(IloOplRunConfiguration.java:139)
	at ilog.odms.ide.opllang.remote.IloOplRunConfigRunner.doSetUpModel(IloOplRunConfigRunner.java:140)
	at ilog.odms.ide.opllang.remote.IloOplRunConfigRunner.doRun(IloOplRunConfigRunner.java:374)
	at ilog.odms.ide.opllang.run.IloAbstractRunShell$2.run(IloAbstractRunShell.java:1605)
	at org.eclipse.core.internal.jobs.Worker.run(Worker.java:63)
!SESSION 2024-02-24 14:50:59.120 -----------------------------------------------
eclipse.buildId=unknown
java.fullversion=11.0.13+8
JRE 11 Windows 10 amd64-64-Bit Compressed References 20211022_218 (JIT enabled, AOT enabled)
OpenJ9   - e1e72c497
OMR      - 299b6a2d2
JCL      - 2d83aa3b76 based on jdk-11.0.13+8
BootLoader constants: OS=win32, ARCH=x86_64, WS=win32, NL=en_US
Command-line arguments:  -clean -nl en_US -configuration C:\Users\reube\Desktop\Coding\pds\.metadata\workspace_oplrun

!ENTRY ilog.odms.ide.opllang.remote 1 0 2024-02-24 14:50:59.121
!MESSAGE Run basket_design in C:/Users/reube/Desktop/Coding/pds/cplex

!ENTRY ilog.odms.ide.opllang.remote 4 0 2024-02-24 14:51:01.721
!MESSAGE run failed
!STACK 0
ilog.concert.IloException: Processing failed.
	at ilog.opl.opl_lang_wrapJNI.IloOplModel_getModel(Native Method)
	at ilog.opl.IloOplModel.getModel(IloOplModel.java:633)
	at ilog.odms.ide.opllang.run.IloAbstractRunShell.loadModel(IloAbstractRunShell.java:1215)
	at ilog.odms.ide.opllang.remote.IloOplRunConfigRunner.doProcessModel(IloOplRunConfigRunner.java:156)
	at ilog.odms.ide.opllang.remote.IloOplRunConfigRunner.doRun(IloOplRunConfigRunner.java:377)
	at ilog.odms.ide.opllang.run.IloAbstractRunShell$2.run(IloAbstractRunShell.java:1605)
	at org.eclipse.core.internal.jobs.Worker.run(Worker.java:63)
!SESSION 2024-02-24 14:51:55.789 -----------------------------------------------
eclipse.buildId=unknown
java.fullversion=11.0.13+8
JRE 11 Windows 10 amd64-64-Bit Compressed References 20211022_218 (JIT enabled, AOT enabled)
OpenJ9   - e1e72c497
OMR      - 299b6a2d2
JCL      - 2d83aa3b76 based on jdk-11.0.13+8
BootLoader constants: OS=win32, ARCH=x86_64, WS=win32, NL=en_US
Command-line arguments:  -clean -nl en_US -configuration C:\Users\reube\Desktop\Coding\pds\.metadata\workspace_oplrun

!ENTRY ilog.odms.ide.opllang.remote 1 0 2024-02-24 14:51:55.791
!MESSAGE Run basket_design in C:/Users/reube/Desktop/Coding/pds/cplex
!SESSION 2024-02-24 14:52:43.331 -----------------------------------------------
eclipse.buildId=unknown
java.fullversion=11.0.13+8
JRE 11 Windows 10 amd64-64-Bit Compressed References 20211022_218 (JIT enabled, AOT enabled)
OpenJ9   - e1e72c497
OMR      - 299b6a2d2
JCL      - 2d83aa3b76 based on jdk-11.0.13+8
BootLoader constants: OS=win32, ARCH=x86_64, WS=win32, NL=en_US
Command-line arguments:  -clean -nl en_US -configuration C:\Users\reube\Desktop\Coding\pds\.metadata\workspace_oplrun

!ENTRY ilog.odms.ide.opllang.remote 1 0 2024-02-24 14:52:43.332
!MESSAGE Run basket_design in C:/Users/reube/Desktop/Coding/pds/cplex
!SESSION 2024-02-24 14:53:10.764 -----------------------------------------------
eclipse.buildId=unknown
java.fullversion=11.0.13+8
JRE 11 Windows 10 amd64-64-Bit Compressed References 20211022_218 (JIT enabled, AOT enabled)
OpenJ9   - e1e72c497
OMR      - 299b6a2d2
JCL      - 2d83aa3b76 based on jdk-11.0.13+8
BootLoader constants: OS=win32, ARCH=x86_64, WS=win32, NL=en_US
Command-line arguments:  -clean -nl en_US -configuration C:\Users\reube\Desktop\Coding\pds\.metadata\workspace_oplrun

!ENTRY ilog.odms.ide.opllang.remote 1 0 2024-02-24 14:53:10.766
!MESSAGE Run basket_design in C:/Users/reube/Desktop/Coding/pds/cplex
!SESSION 2024-02-24 14:55:21.578 -----------------------------------------------
eclipse.buildId=unknown
java.fullversion=11.0.13+8
JRE 11 Windows 10 amd64-64-Bit Compressed References 20211022_218 (JIT enabled, AOT enabled)
OpenJ9   - e1e72c497
OMR      - 299b6a2d2
JCL      - 2d83aa3b76 based on jdk-11.0.13+8
BootLoader constants: OS=win32, ARCH=x86_64, WS=win32, NL=en_US
Command-line arguments:  -clean -nl en_US -configuration C:\Users\reube\Desktop\Coding\pds\.metadata\workspace_oplrun

!ENTRY ilog.odms.ide.opllang.remote 1 0 2024-02-24 14:55:21.579
!MESSAGE Run basket_design in C:/Users/reube/Desktop/Coding/pds/cplex
!SESSION 2024-02-24 14:57:47.235 -----------------------------------------------
eclipse.buildId=unknown
java.fullversion=11.0.13+8
JRE 11 Windows 10 amd64-64-Bit Compressed References 20211022_218 (JIT enabled, AOT enabled)
OpenJ9   - e1e72c497
OMR      - 299b6a2d2
JCL      - 2d83aa3b76 based on jdk-11.0.13+8
BootLoader constants: OS=win32, ARCH=x86_64, WS=win32, NL=en_US
Command-line arguments:  -clean -nl en_US -configuration C:\Users\reube\Desktop\Coding\pds\.metadata\workspace_oplrun

!ENTRY ilog.odms.ide.opllang.remote 1 0 2024-02-24 14:57:47.235
!MESSAGE Run basket_design in C:/Users/reube/Desktop/Coding/pds/cplex
!SESSION 2024-02-24 14:59:53.041 -----------------------------------------------
eclipse.buildId=unknown
java.fullversion=11.0.13+8
JRE 11 Windows 10 amd64-64-Bit Compressed References 20211022_218 (JIT enabled, AOT enabled)
OpenJ9   - e1e72c497
OMR      - 299b6a2d2
JCL      - 2d83aa3b76 based on jdk-11.0.13+8
BootLoader constants: OS=win32, ARCH=x86_64, WS=win32, NL=en_US
Command-line arguments:  -clean -nl en_US -configuration C:\Users\reube\Desktop\Coding\pds\.metadata\workspace_oplrun

!ENTRY ilog.odms.ide.opllang.remote 1 0 2024-02-24 14:59:53.042
!MESSAGE Run basket_design in C:/Users/reube/Desktop/Coding/pds/cplex
!SESSION 2024-02-24 15:00:25.328 -----------------------------------------------
eclipse.buildId=unknown
java.fullversion=11.0.13+8
JRE 11 Windows 10 amd64-64-Bit Compressed References 20211022_218 (JIT enabled, AOT enabled)
OpenJ9   - e1e72c497
OMR      - 299b6a2d2
JCL      - 2d83aa3b76 based on jdk-11.0.13+8
BootLoader constants: OS=win32, ARCH=x86_64, WS=win32, NL=en_US
Command-line arguments:  -clean -nl en_US -configuration C:\Users\reube\Desktop\Coding\pds\.metadata\workspace_oplrun

!ENTRY ilog.odms.ide.opllang.remote 1 0 2024-02-24 15:00:25.329
!MESSAGE Run basket_design in C:/Users/reube/Desktop/Coding/pds/cplex

!ENTRY ilog.odms.ide.opllang.remote 4 0 2024-02-24 15:00:25.425
!MESSAGE load failed
!STACK 1
org.eclipse.core.runtime.CoreException: load failed
	at ilog.odms.ide.opllang.remote.IloOplRunConfigRunner.doSetUpModel(IloOplRunConfigRunner.java:146)
	at ilog.odms.ide.opllang.remote.IloOplRunConfigRunner.doRun(IloOplRunConfigRunner.java:374)
	at ilog.odms.ide.opllang.run.IloAbstractRunShell$2.run(IloAbstractRunShell.java:1605)
	at org.eclipse.core.internal.jobs.Worker.run(Worker.java:63)
Caused by: ilog.concert.IloException: Impossible to load model.
	at ilog.opl.opl_lang_wrapJNI.IloOplRunConfiguration_getCppOplModel(Native Method)
	at ilog.opl.IloOplRunConfiguration.getCppOplModel(IloOplRunConfiguration.java:240)
	at ilog.opl.IloOplRunConfiguration.getOplModel(IloOplRunConfiguration.java:139)
	at ilog.odms.ide.opllang.remote.IloOplRunConfigRunner.doSetUpModel(IloOplRunConfigRunner.java:140)
	... 3 more
!SUBENTRY 1 ilog.odms.ide.opllang.remote 4 0 2024-02-24 15:00:25.439
!MESSAGE load failed
!STACK 0
ilog.concert.IloException: Impossible to load model.
	at ilog.opl.opl_lang_wrapJNI.IloOplRunConfiguration_getCppOplModel(Native Method)
	at ilog.opl.IloOplRunConfiguration.getCppOplModel(IloOplRunConfiguration.java:240)
	at ilog.opl.IloOplRunConfiguration.getOplModel(IloOplRunConfiguration.java:139)
	at ilog.odms.ide.opllang.remote.IloOplRunConfigRunner.doSetUpModel(IloOplRunConfigRunner.java:140)
	at ilog.odms.ide.opllang.remote.IloOplRunConfigRunner.doRun(IloOplRunConfigRunner.java:374)
	at ilog.odms.ide.opllang.run.IloAbstractRunShell$2.run(IloAbstractRunShell.java:1605)
	at org.eclipse.core.internal.jobs.Worker.run(Worker.java:63)
!SESSION 2024-02-24 15:03:12.511 -----------------------------------------------
eclipse.buildId=unknown
java.fullversion=11.0.13+8
JRE 11 Windows 10 amd64-64-Bit Compressed References 20211022_218 (JIT enabled, AOT enabled)
OpenJ9   - e1e72c497
OMR      - 299b6a2d2
JCL      - 2d83aa3b76 based on jdk-11.0.13+8
BootLoader constants: OS=win32, ARCH=x86_64, WS=win32, NL=en_US
Command-line arguments:  -clean -nl en_US -configuration C:\Users\reube\Desktop\Coding\pds\.metadata\workspace_oplrun

!ENTRY ilog.odms.ide.opllang.remote 1 0 2024-02-24 15:03:12.511
!MESSAGE Run basket_design in C:/Users/reube/Desktop/Coding/pds/cplex
!SESSION 2024-02-24 15:05:19.766 -----------------------------------------------
eclipse.buildId=unknown
java.fullversion=11.0.13+8
JRE 11 Windows 10 amd64-64-Bit Compressed References 20211022_218 (JIT enabled, AOT enabled)
OpenJ9   - e1e72c497
OMR      - 299b6a2d2
JCL      - 2d83aa3b76 based on jdk-11.0.13+8
BootLoader constants: OS=win32, ARCH=x86_64, WS=win32, NL=en_US
Command-line arguments:  -clean -nl en_US -configuration C:\Users\reube\Desktop\Coding\pds\.metadata\workspace_oplrun

!ENTRY ilog.odms.ide.opllang.remote 1 0 2024-02-24 15:05:19.767
!MESSAGE Run basket_design in C:/Users/reube/Desktop/Coding/pds/cplex
!SESSION 2024-02-24 15:37:46.810 -----------------------------------------------
eclipse.buildId=unknown
java.fullversion=11.0.13+8
JRE 11 Windows 10 amd64-64-Bit Compressed References 20211022_218 (JIT enabled, AOT enabled)
OpenJ9   - e1e72c497
OMR      - 299b6a2d2
JCL      - 2d83aa3b76 based on jdk-11.0.13+8
BootLoader constants: OS=win32, ARCH=x86_64, WS=win32, NL=en_US
Command-line arguments:  -clean -nl en_US -configuration C:\Users\reube\Desktop\Coding\pds\.metadata\workspace_oplrun

!ENTRY ilog.odms.ide.opllang.remote 1 0 2024-02-24 15:37:46.811
!MESSAGE Run basket_design in C:/Users/reube/Desktop/Coding/pds/cplex

!ENTRY ilog.odms.ide.opllang.remote 4 0 2024-02-24 15:37:49.591
!MESSAGE run failed
!STACK 0
ilog.concert.IloException: Processing failed.
	at ilog.opl.opl_lang_wrapJNI.IloOplModel_getModel(Native Method)
	at ilog.opl.IloOplModel.getModel(IloOplModel.java:633)
	at ilog.odms.ide.opllang.run.IloAbstractRunShell.loadModel(IloAbstractRunShell.java:1215)
	at ilog.odms.ide.opllang.remote.IloOplRunConfigRunner.doProcessModel(IloOplRunConfigRunner.java:156)
	at ilog.odms.ide.opllang.remote.IloOplRunConfigRunner.doRun(IloOplRunConfigRunner.java:377)
	at ilog.odms.ide.opllang.run.IloAbstractRunShell$2.run(IloAbstractRunShell.java:1605)
	at org.eclipse.core.internal.jobs.Worker.run(Worker.java:63)
!SESSION 2024-02-24 15:38:12.645 -----------------------------------------------
eclipse.buildId=unknown
java.fullversion=11.0.13+8
JRE 11 Windows 10 amd64-64-Bit Compressed References 20211022_218 (JIT enabled, AOT enabled)
OpenJ9   - e1e72c497
OMR      - 299b6a2d2
JCL      - 2d83aa3b76 based on jdk-11.0.13+8
BootLoader constants: OS=win32, ARCH=x86_64, WS=win32, NL=en_US
Command-line arguments:  -clean -nl en_US -configuration C:\Users\reube\Desktop\Coding\pds\.metadata\workspace_oplrun

!ENTRY ilog.odms.ide.opllang.remote 1 0 2024-02-24 15:38:12.646
!MESSAGE Run basket_design in C:/Users/reube/Desktop/Coding/pds/cplex
!SESSION 2024-02-24 17:31:33.098 -----------------------------------------------
eclipse.buildId=unknown
java.fullversion=11.0.13+8
JRE 11 Windows 10 amd64-64-Bit Compressed References 20211022_218 (JIT enabled, AOT enabled)
OpenJ9   - e1e72c497
OMR      - 299b6a2d2
JCL      - 2d83aa3b76 based on jdk-11.0.13+8
BootLoader constants: OS=win32, ARCH=x86_64, WS=win32, NL=en_US
Command-line arguments:  -clean -nl en_US -configuration C:\Users\reube\Desktop\Coding\pds\.metadata\workspace_oplrun

!ENTRY ilog.odms.ide.opllang.remote 1 0 2024-02-24 17:31:33.098
!MESSAGE Run basket_design in C:/Users/reube/Desktop/Coding/pds/cplex
!SESSION 2024-02-24 17:38:53.622 -----------------------------------------------
eclipse.buildId=unknown
java.fullversion=11.0.13+8
JRE 11 Windows 10 amd64-64-Bit Compressed References 20211022_218 (JIT enabled, AOT enabled)
OpenJ9   - e1e72c497
OMR      - 299b6a2d2
JCL      - 2d83aa3b76 based on jdk-11.0.13+8
BootLoader constants: OS=win32, ARCH=x86_64, WS=win32, NL=en_US
Command-line arguments:  -clean -nl en_US -configuration C:\Users\reube\Desktop\Coding\pds\.metadata\workspace_oplrun

!ENTRY ilog.odms.ide.opllang.remote 1 0 2024-02-24 17:38:53.624
!MESSAGE Run basket_design in C:/Users/reube/Desktop/Coding/pds/cplex

!ENTRY ilog.odms.ide.opllang.remote 4 0 2024-02-24 17:38:57.803
!MESSAGE run failed
!STACK 0
ilog.concert.IloException: Processing failed.
	at ilog.opl.opl_lang_wrapJNI.IloOplModel_getModel(Native Method)
	at ilog.opl.IloOplModel.getModel(IloOplModel.java:633)
	at ilog.odms.ide.opllang.run.IloAbstractRunShell.loadModel(IloAbstractRunShell.java:1215)
	at ilog.odms.ide.opllang.remote.IloOplRunConfigRunner.doProcessModel(IloOplRunConfigRunner.java:156)
	at ilog.odms.ide.opllang.remote.IloOplRunConfigRunner.doRun(IloOplRunConfigRunner.java:377)
	at ilog.odms.ide.opllang.run.IloAbstractRunShell$2.run(IloAbstractRunShell.java:1605)
	at org.eclipse.core.internal.jobs.Worker.run(Worker.java:63)
!SESSION 2024-02-24 17:40:25.943 -----------------------------------------------
eclipse.buildId=unknown
java.fullversion=11.0.13+8
JRE 11 Windows 10 amd64-64-Bit Compressed References 20211022_218 (JIT enabled, AOT enabled)
OpenJ9   - e1e72c497
OMR      - 299b6a2d2
JCL      - 2d83aa3b76 based on jdk-11.0.13+8
BootLoader constants: OS=win32, ARCH=x86_64, WS=win32, NL=en_US
Command-line arguments:  -clean -nl en_US -configuration C:\Users\reube\Desktop\Coding\pds\.metadata\workspace_oplrun

!ENTRY ilog.odms.ide.opllang.remote 1 0 2024-02-24 17:40:25.943
!MESSAGE Run basket_design in C:/Users/reube/Desktop/Coding/pds/cplex

!ENTRY ilog.odms.ide.opllang.remote 4 0 2024-02-24 17:40:26.021
!MESSAGE load failed
!STACK 1
org.eclipse.core.runtime.CoreException: load failed
	at ilog.odms.ide.opllang.remote.IloOplRunConfigRunner.doSetUpModel(IloOplRunConfigRunner.java:146)
	at ilog.odms.ide.opllang.remote.IloOplRunConfigRunner.doRun(IloOplRunConfigRunner.java:374)
	at ilog.odms.ide.opllang.run.IloAbstractRunShell$2.run(IloAbstractRunShell.java:1605)
	at org.eclipse.core.internal.jobs.Worker.run(Worker.java:63)
Caused by: ilog.concert.IloException: Impossible to load model.
	at ilog.opl.opl_lang_wrapJNI.IloOplRunConfiguration_getCppOplModel(Native Method)
	at ilog.opl.IloOplRunConfiguration.getCppOplModel(IloOplRunConfiguration.java:240)
	at ilog.opl.IloOplRunConfiguration.getOplModel(IloOplRunConfiguration.java:139)
	at ilog.odms.ide.opllang.remote.IloOplRunConfigRunner.doSetUpModel(IloOplRunConfigRunner.java:140)
	... 3 more
!SUBENTRY 1 ilog.odms.ide.opllang.remote 4 0 2024-02-24 17:40:26.021
!MESSAGE load failed
!STACK 0
ilog.concert.IloException: Impossible to load model.
	at ilog.opl.opl_lang_wrapJNI.IloOplRunConfiguration_getCppOplModel(Native Method)
	at ilog.opl.IloOplRunConfiguration.getCppOplModel(IloOplRunConfiguration.java:240)
	at ilog.opl.IloOplRunConfiguration.getOplModel(IloOplRunConfiguration.java:139)
	at ilog.odms.ide.opllang.remote.IloOplRunConfigRunner.doSetUpModel(IloOplRunConfigRunner.java:140)
	at ilog.odms.ide.opllang.remote.IloOplRunConfigRunner.doRun(IloOplRunConfigRunner.java:374)
	at ilog.odms.ide.opllang.run.IloAbstractRunShell$2.run(IloAbstractRunShell.java:1605)
	at org.eclipse.core.internal.jobs.Worker.run(Worker.java:63)
!SESSION 2024-02-24 17:40:51.138 -----------------------------------------------
eclipse.buildId=unknown
java.fullversion=11.0.13+8
JRE 11 Windows 10 amd64-64-Bit Compressed References 20211022_218 (JIT enabled, AOT enabled)
OpenJ9   - e1e72c497
OMR      - 299b6a2d2
JCL      - 2d83aa3b76 based on jdk-11.0.13+8
BootLoader constants: OS=win32, ARCH=x86_64, WS=win32, NL=en_US
Command-line arguments:  -clean -nl en_US -configuration C:\Users\reube\Desktop\Coding\pds\.metadata\workspace_oplrun

!ENTRY ilog.odms.ide.opllang.remote 1 0 2024-02-24 17:40:51.138
!MESSAGE Run basket_design in C:/Users/reube/Desktop/Coding/pds/cplex

!ENTRY ilog.odms.ide.opllang.remote 4 0 2024-02-24 17:40:54.980
!MESSAGE run failed
!STACK 0
ilog.concert.IloException: Processing failed.
	at ilog.opl.opl_lang_wrapJNI.IloOplModel_getModel(Native Method)
	at ilog.opl.IloOplModel.getModel(IloOplModel.java:633)
	at ilog.odms.ide.opllang.run.IloAbstractRunShell.loadModel(IloAbstractRunShell.java:1215)
	at ilog.odms.ide.opllang.remote.IloOplRunConfigRunner.doProcessModel(IloOplRunConfigRunner.java:156)
	at ilog.odms.ide.opllang.remote.IloOplRunConfigRunner.doRun(IloOplRunConfigRunner.java:377)
	at ilog.odms.ide.opllang.run.IloAbstractRunShell$2.run(IloAbstractRunShell.java:1605)
	at org.eclipse.core.internal.jobs.Worker.run(Worker.java:63)
!SESSION 2024-02-24 17:41:09.776 -----------------------------------------------
eclipse.buildId=unknown
java.fullversion=11.0.13+8
JRE 11 Windows 10 amd64-64-Bit Compressed References 20211022_218 (JIT enabled, AOT enabled)
OpenJ9   - e1e72c497
OMR      - 299b6a2d2
JCL      - 2d83aa3b76 based on jdk-11.0.13+8
BootLoader constants: OS=win32, ARCH=x86_64, WS=win32, NL=en_US
Command-line arguments:  -clean -nl en_US -configuration C:\Users\reube\Desktop\Coding\pds\.metadata\workspace_oplrun

!ENTRY ilog.odms.ide.opllang.remote 1 0 2024-02-24 17:41:09.776
!MESSAGE Run basket_design in C:/Users/reube/Desktop/Coding/pds/cplex

!ENTRY ilog.odms.ide.opllang.remote 4 0 2024-02-24 17:41:13.467
!MESSAGE run failed
!STACK 0
ilog.concert.IloException: Processing failed.
	at ilog.opl.opl_lang_wrapJNI.IloOplModel_getModel(Native Method)
	at ilog.opl.IloOplModel.getModel(IloOplModel.java:633)
	at ilog.odms.ide.opllang.run.IloAbstractRunShell.loadModel(IloAbstractRunShell.java:1215)
	at ilog.odms.ide.opllang.remote.IloOplRunConfigRunner.doProcessModel(IloOplRunConfigRunner.java:156)
	at ilog.odms.ide.opllang.remote.IloOplRunConfigRunner.doRun(IloOplRunConfigRunner.java:377)
	at ilog.odms.ide.opllang.run.IloAbstractRunShell$2.run(IloAbstractRunShell.java:1605)
	at org.eclipse.core.internal.jobs.Worker.run(Worker.java:63)
!SESSION 2024-02-24 17:41:39.380 -----------------------------------------------
eclipse.buildId=unknown
java.fullversion=11.0.13+8
JRE 11 Windows 10 amd64-64-Bit Compressed References 20211022_218 (JIT enabled, AOT enabled)
OpenJ9   - e1e72c497
OMR      - 299b6a2d2
JCL      - 2d83aa3b76 based on jdk-11.0.13+8
BootLoader constants: OS=win32, ARCH=x86_64, WS=win32, NL=en_US
Command-line arguments:  -clean -nl en_US -configuration C:\Users\reube\Desktop\Coding\pds\.metadata\workspace_oplrun

!ENTRY ilog.odms.ide.opllang.remote 1 0 2024-02-24 17:41:39.380
!MESSAGE Run basket_design in C:/Users/reube/Desktop/Coding/pds/cplex
!SESSION 2024-02-24 17:42:31.208 -----------------------------------------------
eclipse.buildId=unknown
java.fullversion=11.0.13+8
JRE 11 Windows 10 amd64-64-Bit Compressed References 20211022_218 (JIT enabled, AOT enabled)
OpenJ9   - e1e72c497
OMR      - 299b6a2d2
JCL      - 2d83aa3b76 based on jdk-11.0.13+8
BootLoader constants: OS=win32, ARCH=x86_64, WS=win32, NL=en_US
Command-line arguments:  -clean -nl en_US -configuration C:\Users\reube\Desktop\Coding\pds\.metadata\workspace_oplrun

!ENTRY ilog.odms.ide.opllang.remote 1 0 2024-02-24 17:42:31.208
!MESSAGE Run basket_design in C:/Users/reube/Desktop/Coding/pds/cplex

!ENTRY ilog.odms.ide.opllang.remote 4 0 2024-02-24 17:42:35.117
!MESSAGE run failed
!STACK 0
ilog.concert.IloException: Processing failed.
	at ilog.opl.opl_lang_wrapJNI.IloOplModel_getModel(Native Method)
	at ilog.opl.IloOplModel.getModel(IloOplModel.java:633)
	at ilog.odms.ide.opllang.run.IloAbstractRunShell.loadModel(IloAbstractRunShell.java:1215)
	at ilog.odms.ide.opllang.remote.IloOplRunConfigRunner.doProcessModel(IloOplRunConfigRunner.java:156)
	at ilog.odms.ide.opllang.remote.IloOplRunConfigRunner.doRun(IloOplRunConfigRunner.java:377)
	at ilog.odms.ide.opllang.run.IloAbstractRunShell$2.run(IloAbstractRunShell.java:1605)
	at org.eclipse.core.internal.jobs.Worker.run(Worker.java:63)
!SESSION 2024-02-24 17:42:51.933 -----------------------------------------------
eclipse.buildId=unknown
java.fullversion=11.0.13+8
JRE 11 Windows 10 amd64-64-Bit Compressed References 20211022_218 (JIT enabled, AOT enabled)
OpenJ9   - e1e72c497
OMR      - 299b6a2d2
JCL      - 2d83aa3b76 based on jdk-11.0.13+8
BootLoader constants: OS=win32, ARCH=x86_64, WS=win32, NL=en_US
Command-line arguments:  -clean -nl en_US -configuration C:\Users\reube\Desktop\Coding\pds\.metadata\workspace_oplrun

!ENTRY ilog.odms.ide.opllang.remote 1 0 2024-02-24 17:42:51.933
!MESSAGE Run basket_design in C:/Users/reube/Desktop/Coding/pds/cplex
!SESSION 2024-02-24 17:45:07.960 -----------------------------------------------
eclipse.buildId=unknown
java.fullversion=11.0.13+8
JRE 11 Windows 10 amd64-64-Bit Compressed References 20211022_218 (JIT enabled, AOT enabled)
OpenJ9   - e1e72c497
OMR      - 299b6a2d2
JCL      - 2d83aa3b76 based on jdk-11.0.13+8
BootLoader constants: OS=win32, ARCH=x86_64, WS=win32, NL=en_US
Command-line arguments:  -clean -nl en_US -configuration C:\Users\reube\Desktop\Coding\pds\.metadata\workspace_oplrun

!ENTRY ilog.odms.ide.opllang.remote 1 0 2024-02-24 17:45:07.960
!MESSAGE Run basket_design in C:/Users/reube/Desktop/Coding/pds/cplex

!ENTRY ilog.odms.ide.opllang.remote 4 0 2024-02-24 17:45:11.995
!MESSAGE run failed
!STACK 0
ilog.concert.IloException: Processing failed.
	at ilog.opl.opl_lang_wrapJNI.IloOplModel_getModel(Native Method)
	at ilog.opl.IloOplModel.getModel(IloOplModel.java:633)
	at ilog.odms.ide.opllang.run.IloAbstractRunShell.loadModel(IloAbstractRunShell.java:1215)
	at ilog.odms.ide.opllang.remote.IloOplRunConfigRunner.doProcessModel(IloOplRunConfigRunner.java:156)
	at ilog.odms.ide.opllang.remote.IloOplRunConfigRunner.doRun(IloOplRunConfigRunner.java:377)
	at ilog.odms.ide.opllang.run.IloAbstractRunShell$2.run(IloAbstractRunShell.java:1605)
	at org.eclipse.core.internal.jobs.Worker.run(Worker.java:63)
!SESSION 2024-02-24 17:46:26.910 -----------------------------------------------
eclipse.buildId=unknown
java.fullversion=11.0.13+8
JRE 11 Windows 10 amd64-64-Bit Compressed References 20211022_218 (JIT enabled, AOT enabled)
OpenJ9   - e1e72c497
OMR      - 299b6a2d2
JCL      - 2d83aa3b76 based on jdk-11.0.13+8
BootLoader constants: OS=win32, ARCH=x86_64, WS=win32, NL=en_US
Command-line arguments:  -clean -nl en_US -configuration C:\Users\reube\Desktop\Coding\pds\.metadata\workspace_oplrun

!ENTRY ilog.odms.ide.opllang.remote 1 0 2024-02-24 17:46:26.910
!MESSAGE Run basket_design in C:/Users/reube/Desktop/Coding/pds/cplex

!ENTRY ilog.odms.ide.opllang.remote 4 0 2024-02-24 17:46:30.588
!MESSAGE run failed
!STACK 0
ilog.concert.IloException: Processing failed.
	at ilog.opl.opl_lang_wrapJNI.IloOplModel_getModel(Native Method)
	at ilog.opl.IloOplModel.getModel(IloOplModel.java:633)
	at ilog.odms.ide.opllang.run.IloAbstractRunShell.loadModel(IloAbstractRunShell.java:1215)
	at ilog.odms.ide.opllang.remote.IloOplRunConfigRunner.doProcessModel(IloOplRunConfigRunner.java:156)
	at ilog.odms.ide.opllang.remote.IloOplRunConfigRunner.doRun(IloOplRunConfigRunner.java:377)
	at ilog.odms.ide.opllang.run.IloAbstractRunShell$2.run(IloAbstractRunShell.java:1605)
	at org.eclipse.core.internal.jobs.Worker.run(Worker.java:63)
!SESSION 2024-02-24 17:46:46.629 -----------------------------------------------
eclipse.buildId=unknown
java.fullversion=11.0.13+8
JRE 11 Windows 10 amd64-64-Bit Compressed References 20211022_218 (JIT enabled, AOT enabled)
OpenJ9   - e1e72c497
OMR      - 299b6a2d2
JCL      - 2d83aa3b76 based on jdk-11.0.13+8
BootLoader constants: OS=win32, ARCH=x86_64, WS=win32, NL=en_US
Command-line arguments:  -clean -nl en_US -configuration C:\Users\reube\Desktop\Coding\pds\.metadata\workspace_oplrun

!ENTRY ilog.odms.ide.opllang.remote 1 0 2024-02-24 17:46:46.629
!MESSAGE Run basket_design in C:/Users/reube/Desktop/Coding/pds/cplex

!ENTRY ilog.odms.ide.opllang.remote 4 0 2024-02-24 17:46:50.395
!MESSAGE run failed
!STACK 0
ilog.concert.IloException: Processing failed.
	at ilog.opl.opl_lang_wrapJNI.IloOplModel_getModel(Native Method)
	at ilog.opl.IloOplModel.getModel(IloOplModel.java:633)
	at ilog.odms.ide.opllang.run.IloAbstractRunShell.loadModel(IloAbstractRunShell.java:1215)
	at ilog.odms.ide.opllang.remote.IloOplRunConfigRunner.doProcessModel(IloOplRunConfigRunner.java:156)
	at ilog.odms.ide.opllang.remote.IloOplRunConfigRunner.doRun(IloOplRunConfigRunner.java:377)
	at ilog.odms.ide.opllang.run.IloAbstractRunShell$2.run(IloAbstractRunShell.java:1605)
	at org.eclipse.core.internal.jobs.Worker.run(Worker.java:63)
!SESSION 2024-02-24 17:47:12.991 -----------------------------------------------
eclipse.buildId=unknown
java.fullversion=11.0.13+8
JRE 11 Windows 10 amd64-64-Bit Compressed References 20211022_218 (JIT enabled, AOT enabled)
OpenJ9   - e1e72c497
OMR      - 299b6a2d2
JCL      - 2d83aa3b76 based on jdk-11.0.13+8
BootLoader constants: OS=win32, ARCH=x86_64, WS=win32, NL=en_US
Command-line arguments:  -clean -nl en_US -configuration C:\Users\reube\Desktop\Coding\pds\.metadata\workspace_oplrun

!ENTRY ilog.odms.ide.opllang.remote 1 0 2024-02-24 17:47:12.991
!MESSAGE Run basket_design in C:/Users/reube/Desktop/Coding/pds/cplex

!ENTRY ilog.odms.ide.opllang.remote 4 0 2024-02-24 17:47:16.779
!MESSAGE run failed
!STACK 0
ilog.concert.IloException: Processing failed.
	at ilog.opl.opl_lang_wrapJNI.IloOplModel_getModel(Native Method)
	at ilog.opl.IloOplModel.getModel(IloOplModel.java:633)
	at ilog.odms.ide.opllang.run.IloAbstractRunShell.loadModel(IloAbstractRunShell.java:1215)
	at ilog.odms.ide.opllang.remote.IloOplRunConfigRunner.doProcessModel(IloOplRunConfigRunner.java:156)
	at ilog.odms.ide.opllang.remote.IloOplRunConfigRunner.doRun(IloOplRunConfigRunner.java:377)
	at ilog.odms.ide.opllang.run.IloAbstractRunShell$2.run(IloAbstractRunShell.java:1605)
	at org.eclipse.core.internal.jobs.Worker.run(Worker.java:63)
!SESSION 2024-02-24 17:47:26.529 -----------------------------------------------
eclipse.buildId=unknown
java.fullversion=11.0.13+8
JRE 11 Windows 10 amd64-64-Bit Compressed References 20211022_218 (JIT enabled, AOT enabled)
OpenJ9   - e1e72c497
OMR      - 299b6a2d2
JCL      - 2d83aa3b76 based on jdk-11.0.13+8
BootLoader constants: OS=win32, ARCH=x86_64, WS=win32, NL=en_US
Command-line arguments:  -clean -nl en_US -configuration C:\Users\reube\Desktop\Coding\pds\.metadata\workspace_oplrun

!ENTRY ilog.odms.ide.opllang.remote 1 0 2024-02-24 17:47:26.529
!MESSAGE Run basket_design in C:/Users/reube/Desktop/Coding/pds/cplex

!ENTRY ilog.odms.ide.opllang.remote 4 0 2024-02-24 17:47:30.498
!MESSAGE run failed
!STACK 0
ilog.concert.IloException: Processing failed.
	at ilog.opl.opl_lang_wrapJNI.IloOplModel_getModel(Native Method)
	at ilog.opl.IloOplModel.getModel(IloOplModel.java:633)
	at ilog.odms.ide.opllang.run.IloAbstractRunShell.loadModel(IloAbstractRunShell.java:1215)
	at ilog.odms.ide.opllang.remote.IloOplRunConfigRunner.doProcessModel(IloOplRunConfigRunner.java:156)
	at ilog.odms.ide.opllang.remote.IloOplRunConfigRunner.doRun(IloOplRunConfigRunner.java:377)
	at ilog.odms.ide.opllang.run.IloAbstractRunShell$2.run(IloAbstractRunShell.java:1605)
	at org.eclipse.core.internal.jobs.Worker.run(Worker.java:63)
!SESSION 2024-02-24 17:47:35.204 -----------------------------------------------
eclipse.buildId=unknown
java.fullversion=11.0.13+8
JRE 11 Windows 10 amd64-64-Bit Compressed References 20211022_218 (JIT enabled, AOT enabled)
OpenJ9   - e1e72c497
OMR      - 299b6a2d2
JCL      - 2d83aa3b76 based on jdk-11.0.13+8
BootLoader constants: OS=win32, ARCH=x86_64, WS=win32, NL=en_US
Command-line arguments:  -clean -nl en_US -configuration C:\Users\reube\Desktop\Coding\pds\.metadata\workspace_oplrun

!ENTRY ilog.odms.ide.opllang.remote 1 0 2024-02-24 17:47:35.204
!MESSAGE Run basket_design in C:/Users/reube/Desktop/Coding/pds/cplex

!ENTRY ilog.odms.ide.opllang.remote 4 0 2024-02-24 17:47:38.914
!MESSAGE run failed
!STACK 0
ilog.concert.IloException: Processing failed.
	at ilog.opl.opl_lang_wrapJNI.IloOplModel_getModel(Native Method)
	at ilog.opl.IloOplModel.getModel(IloOplModel.java:633)
	at ilog.odms.ide.opllang.run.IloAbstractRunShell.loadModel(IloAbstractRunShell.java:1215)
	at ilog.odms.ide.opllang.remote.IloOplRunConfigRunner.doProcessModel(IloOplRunConfigRunner.java:156)
	at ilog.odms.ide.opllang.remote.IloOplRunConfigRunner.doRun(IloOplRunConfigRunner.java:377)
	at ilog.odms.ide.opllang.run.IloAbstractRunShell$2.run(IloAbstractRunShell.java:1605)
	at org.eclipse.core.internal.jobs.Worker.run(Worker.java:63)
!SESSION 2024-02-24 17:48:23.714 -----------------------------------------------
eclipse.buildId=unknown
java.fullversion=11.0.13+8
JRE 11 Windows 10 amd64-64-Bit Compressed References 20211022_218 (JIT enabled, AOT enabled)
OpenJ9   - e1e72c497
OMR      - 299b6a2d2
JCL      - 2d83aa3b76 based on jdk-11.0.13+8
BootLoader constants: OS=win32, ARCH=x86_64, WS=win32, NL=en_US
Command-line arguments:  -clean -nl en_US -configuration C:\Users\reube\Desktop\Coding\pds\.metadata\workspace_oplrun

!ENTRY ilog.odms.ide.opllang.remote 1 0 2024-02-24 17:48:23.714
!MESSAGE Run basket_design in C:/Users/reube/Desktop/Coding/pds/cplex
!SESSION 2024-02-24 17:49:20.003 -----------------------------------------------
eclipse.buildId=unknown
java.fullversion=11.0.13+8
JRE 11 Windows 10 amd64-64-Bit Compressed References 20211022_218 (JIT enabled, AOT enabled)
OpenJ9   - e1e72c497
OMR      - 299b6a2d2
JCL      - 2d83aa3b76 based on jdk-11.0.13+8
BootLoader constants: OS=win32, ARCH=x86_64, WS=win32, NL=en_US
Command-line arguments:  -clean -nl en_US -configuration C:\Users\reube\Desktop\Coding\pds\.metadata\workspace_oplrun

!ENTRY ilog.odms.ide.opllang.remote 1 0 2024-02-24 17:49:20.003
!MESSAGE Run basket_design in C:/Users/reube/Desktop/Coding/pds/cplex
!SESSION 2024-02-24 17:55:16.229 -----------------------------------------------
eclipse.buildId=unknown
java.fullversion=11.0.13+8
JRE 11 Windows 10 amd64-64-Bit Compressed References 20211022_218 (JIT enabled, AOT enabled)
OpenJ9   - e1e72c497
OMR      - 299b6a2d2
JCL      - 2d83aa3b76 based on jdk-11.0.13+8
BootLoader constants: OS=win32, ARCH=x86_64, WS=win32, NL=en_US
Command-line arguments:  -clean -nl en_US -configuration C:\Users\reube\Desktop\Coding\pds\.metadata\workspace_oplrun

!ENTRY ilog.odms.ide.opllang.remote 1 0 2024-02-24 17:55:16.229
!MESSAGE Run basket_design in C:/Users/reube/Desktop/Coding/pds/cplex

!ENTRY ilog.odms.ide.opllang.remote 4 0 2024-02-24 17:55:20.193
!MESSAGE run failed
!STACK 0
ilog.concert.IloException: Processing failed.
	at ilog.opl.opl_lang_wrapJNI.IloOplModel_getModel(Native Method)
	at ilog.opl.IloOplModel.getModel(IloOplModel.java:633)
	at ilog.odms.ide.opllang.run.IloAbstractRunShell.loadModel(IloAbstractRunShell.java:1215)
	at ilog.odms.ide.opllang.remote.IloOplRunConfigRunner.doProcessModel(IloOplRunConfigRunner.java:156)
	at ilog.odms.ide.opllang.remote.IloOplRunConfigRunner.doRun(IloOplRunConfigRunner.java:377)
	at ilog.odms.ide.opllang.run.IloAbstractRunShell$2.run(IloAbstractRunShell.java:1605)
	at org.eclipse.core.internal.jobs.Worker.run(Worker.java:63)
!SESSION 2024-02-24 17:55:39.205 -----------------------------------------------
eclipse.buildId=unknown
java.fullversion=11.0.13+8
JRE 11 Windows 10 amd64-64-Bit Compressed References 20211022_218 (JIT enabled, AOT enabled)
OpenJ9   - e1e72c497
OMR      - 299b6a2d2
JCL      - 2d83aa3b76 based on jdk-11.0.13+8
BootLoader constants: OS=win32, ARCH=x86_64, WS=win32, NL=en_US
Command-line arguments:  -clean -nl en_US -configuration C:\Users\reube\Desktop\Coding\pds\.metadata\workspace_oplrun

!ENTRY ilog.odms.ide.opllang.remote 1 0 2024-02-24 17:55:39.205
!MESSAGE Run basket_design in C:/Users/reube/Desktop/Coding/pds/cplex
!SESSION 2024-02-24 17:56:00.041 -----------------------------------------------
eclipse.buildId=unknown
java.fullversion=11.0.13+8
JRE 11 Windows 10 amd64-64-Bit Compressed References 20211022_218 (JIT enabled, AOT enabled)
OpenJ9   - e1e72c497
OMR      - 299b6a2d2
JCL      - 2d83aa3b76 based on jdk-11.0.13+8
BootLoader constants: OS=win32, ARCH=x86_64, WS=win32, NL=en_US
Command-line arguments:  -clean -nl en_US -configuration C:\Users\reube\Desktop\Coding\pds\.metadata\workspace_oplrun

!ENTRY ilog.odms.ide.opllang.remote 1 0 2024-02-24 17:56:00.041
!MESSAGE Run basket_design in C:/Users/reube/Desktop/Coding/pds/cplex
!SESSION 2024-02-24 17:56:31.901 -----------------------------------------------
eclipse.buildId=unknown
java.fullversion=11.0.13+8
JRE 11 Windows 10 amd64-64-Bit Compressed References 20211022_218 (JIT enabled, AOT enabled)
OpenJ9   - e1e72c497
OMR      - 299b6a2d2
JCL      - 2d83aa3b76 based on jdk-11.0.13+8
BootLoader constants: OS=win32, ARCH=x86_64, WS=win32, NL=en_US
Command-line arguments:  -clean -nl en_US -configuration C:\Users\reube\Desktop\Coding\pds\.metadata\workspace_oplrun

!ENTRY ilog.odms.ide.opllang.remote 1 0 2024-02-24 17:56:31.901
!MESSAGE Run basket_design in C:/Users/reube/Desktop/Coding/pds/cplex
!SESSION 2024-02-24 17:57:23.230 -----------------------------------------------
eclipse.buildId=unknown
java.fullversion=11.0.13+8
JRE 11 Windows 10 amd64-64-Bit Compressed References 20211022_218 (JIT enabled, AOT enabled)
OpenJ9   - e1e72c497
OMR      - 299b6a2d2
JCL      - 2d83aa3b76 based on jdk-11.0.13+8
BootLoader constants: OS=win32, ARCH=x86_64, WS=win32, NL=en_US
Command-line arguments:  -clean -nl en_US -configuration C:\Users\reube\Desktop\Coding\pds\.metadata\workspace_oplrun

!ENTRY ilog.odms.ide.opllang.remote 1 0 2024-02-24 17:57:23.230
!MESSAGE Run basket_design in C:/Users/reube/Desktop/Coding/pds/cplex
!SESSION 2024-02-24 17:57:45.400 -----------------------------------------------
eclipse.buildId=unknown
java.fullversion=11.0.13+8
JRE 11 Windows 10 amd64-64-Bit Compressed References 20211022_218 (JIT enabled, AOT enabled)
OpenJ9   - e1e72c497
OMR      - 299b6a2d2
JCL      - 2d83aa3b76 based on jdk-11.0.13+8
BootLoader constants: OS=win32, ARCH=x86_64, WS=win32, NL=en_US
Command-line arguments:  -clean -nl en_US -configuration C:\Users\reube\Desktop\Coding\pds\.metadata\workspace_oplrun

!ENTRY ilog.odms.ide.opllang.remote 1 0 2024-02-24 17:57:45.400
!MESSAGE Run basket_design in C:/Users/reube/Desktop/Coding/pds/cplex
!SESSION 2024-02-24 17:59:34.514 -----------------------------------------------
eclipse.buildId=unknown
java.fullversion=11.0.13+8
JRE 11 Windows 10 amd64-64-Bit Compressed References 20211022_218 (JIT enabled, AOT enabled)
OpenJ9   - e1e72c497
OMR      - 299b6a2d2
JCL      - 2d83aa3b76 based on jdk-11.0.13+8
BootLoader constants: OS=win32, ARCH=x86_64, WS=win32, NL=en_US
Command-line arguments:  -clean -nl en_US -configuration C:\Users\reube\Desktop\Coding\pds\.metadata\workspace_oplrun

!ENTRY ilog.odms.ide.opllang.remote 1 0 2024-02-24 17:59:34.514
!MESSAGE Run basket_design in C:/Users/reube/Desktop/Coding/pds/cplex

!ENTRY ilog.odms.ide.opllang.remote 4 0 2024-02-24 17:59:38.284
!MESSAGE run failed
!STACK 0
ilog.concert.IloException: Processing failed.
	at ilog.opl.opl_lang_wrapJNI.IloOplModel_getModel(Native Method)
	at ilog.opl.IloOplModel.getModel(IloOplModel.java:633)
	at ilog.odms.ide.opllang.run.IloAbstractRunShell.loadModel(IloAbstractRunShell.java:1215)
	at ilog.odms.ide.opllang.remote.IloOplRunConfigRunner.doProcessModel(IloOplRunConfigRunner.java:156)
	at ilog.odms.ide.opllang.remote.IloOplRunConfigRunner.doRun(IloOplRunConfigRunner.java:377)
	at ilog.odms.ide.opllang.run.IloAbstractRunShell$2.run(IloAbstractRunShell.java:1605)
	at org.eclipse.core.internal.jobs.Worker.run(Worker.java:63)
!SESSION 2024-02-24 18:00:20.744 -----------------------------------------------
eclipse.buildId=unknown
java.fullversion=11.0.13+8
JRE 11 Windows 10 amd64-64-Bit Compressed References 20211022_218 (JIT enabled, AOT enabled)
OpenJ9   - e1e72c497
OMR      - 299b6a2d2
JCL      - 2d83aa3b76 based on jdk-11.0.13+8
BootLoader constants: OS=win32, ARCH=x86_64, WS=win32, NL=en_US
Command-line arguments:  -clean -nl en_US -configuration C:\Users\reube\Desktop\Coding\pds\.metadata\workspace_oplrun

!ENTRY ilog.odms.ide.opllang.remote 1 0 2024-02-24 18:00:20.744
!MESSAGE Run basket_design in C:/Users/reube/Desktop/Coding/pds/cplex
!SESSION 2024-02-24 20:53:41.571 -----------------------------------------------
eclipse.buildId=unknown
java.fullversion=11.0.13+8
JRE 11 Windows 10 amd64-64-Bit Compressed References 20211022_218 (JIT enabled, AOT enabled)
OpenJ9   - e1e72c497
OMR      - 299b6a2d2
JCL      - 2d83aa3b76 based on jdk-11.0.13+8
BootLoader constants: OS=win32, ARCH=x86_64, WS=win32, NL=en_US
Command-line arguments:  -clean -nl en_US -configuration C:\Users\reube\Desktop\Coding\pds\.metadata\workspace_oplrun

!ENTRY ilog.odms.ide.opllang.remote 1 0 2024-02-24 20:53:41.571
!MESSAGE Run basket_design in C:/Users/reube/Desktop/Coding/pds/cplex
!SESSION 2024-02-24 20:55:38.608 -----------------------------------------------
eclipse.buildId=unknown
java.fullversion=11.0.13+8
JRE 11 Windows 10 amd64-64-Bit Compressed References 20211022_218 (JIT enabled, AOT enabled)
OpenJ9   - e1e72c497
OMR      - 299b6a2d2
JCL      - 2d83aa3b76 based on jdk-11.0.13+8
BootLoader constants: OS=win32, ARCH=x86_64, WS=win32, NL=en_US
Command-line arguments:  -clean -nl en_US -configuration C:\Users\reube\Desktop\Coding\pds\.metadata\workspace_oplrun

!ENTRY ilog.odms.ide.opllang.remote 1 0 2024-02-24 20:55:38.608
!MESSAGE Run basket_design in C:/Users/reube/Desktop/Coding/pds/cplex
!SESSION 2024-02-24 20:56:01.351 -----------------------------------------------
eclipse.buildId=unknown
java.fullversion=11.0.13+8
JRE 11 Windows 10 amd64-64-Bit Compressed References 20211022_218 (JIT enabled, AOT enabled)
OpenJ9   - e1e72c497
OMR      - 299b6a2d2
JCL      - 2d83aa3b76 based on jdk-11.0.13+8
BootLoader constants: OS=win32, ARCH=x86_64, WS=win32, NL=en_US
Command-line arguments:  -clean -nl en_US -configuration C:\Users\reube\Desktop\Coding\pds\.metadata\workspace_oplrun

!ENTRY ilog.odms.ide.opllang.remote 1 0 2024-02-24 20:56:01.351
!MESSAGE Run basket_design in C:/Users/reube/Desktop/Coding/pds/cplex
!SESSION 2024-02-24 21:16:13.895 -----------------------------------------------
eclipse.buildId=unknown
java.fullversion=11.0.13+8
JRE 11 Windows 10 amd64-64-Bit Compressed References 20211022_218 (JIT enabled, AOT enabled)
OpenJ9   - e1e72c497
OMR      - 299b6a2d2
JCL      - 2d83aa3b76 based on jdk-11.0.13+8
BootLoader constants: OS=win32, ARCH=x86_64, WS=win32, NL=en_US
Command-line arguments:  -clean -nl en_US -configuration C:\Users\reube\Desktop\Coding\pds\.metadata\workspace_oplrun

!ENTRY ilog.odms.ide.opllang.remote 1 0 2024-02-24 21:16:13.895
!MESSAGE Run basket_design in C:/Users/reube/Desktop/Coding/pds/cplex
!SESSION 2024-02-24 21:17:39.697 -----------------------------------------------
eclipse.buildId=unknown
java.fullversion=11.0.13+8
JRE 11 Windows 10 amd64-64-Bit Compressed References 20211022_218 (JIT enabled, AOT enabled)
OpenJ9   - e1e72c497
OMR      - 299b6a2d2
JCL      - 2d83aa3b76 based on jdk-11.0.13+8
BootLoader constants: OS=win32, ARCH=x86_64, WS=win32, NL=en_US
Command-line arguments:  -clean -nl en_US -configuration C:\Users\reube\Desktop\Coding\pds\.metadata\workspace_oplrun

!ENTRY ilog.odms.ide.opllang.remote 1 0 2024-02-24 21:17:39.697
!MESSAGE Run basket_design in C:/Users/reube/Desktop/Coding/pds/cplex
!SESSION 2024-02-24 22:04:29.828 -----------------------------------------------
eclipse.buildId=unknown
java.fullversion=11.0.13+8
JRE 11 Windows 10 amd64-64-Bit Compressed References 20211022_218 (JIT enabled, AOT enabled)
OpenJ9   - e1e72c497
OMR      - 299b6a2d2
JCL      - 2d83aa3b76 based on jdk-11.0.13+8
BootLoader constants: OS=win32, ARCH=x86_64, WS=win32, NL=en_US
Command-line arguments:  -clean -nl en_US -configuration C:\Users\reube\Desktop\Coding\pds\.metadata\workspace_oplrun

!ENTRY ilog.odms.ide.opllang.remote 1 0 2024-02-24 22:04:29.828
!MESSAGE Run basket_design in C:/Users/reube/Desktop/Coding/pds/cplex
!SESSION 2024-02-24 22:06:17.981 -----------------------------------------------
eclipse.buildId=unknown
java.fullversion=11.0.13+8
JRE 11 Windows 10 amd64-64-Bit Compressed References 20211022_218 (JIT enabled, AOT enabled)
OpenJ9   - e1e72c497
OMR      - 299b6a2d2
JCL      - 2d83aa3b76 based on jdk-11.0.13+8
BootLoader constants: OS=win32, ARCH=x86_64, WS=win32, NL=en_US
Command-line arguments:  -clean -nl en_US -configuration C:\Users\reube\Desktop\Coding\pds\.metadata\workspace_oplrun

!ENTRY ilog.odms.ide.opllang.remote 1 0 2024-02-24 22:06:17.981
!MESSAGE Run basket_design in C:/Users/reube/Desktop/Coding/pds/cplex
!SESSION 2024-02-24 22:07:27.723 -----------------------------------------------
eclipse.buildId=unknown
java.fullversion=11.0.13+8
JRE 11 Windows 10 amd64-64-Bit Compressed References 20211022_218 (JIT enabled, AOT enabled)
OpenJ9   - e1e72c497
OMR      - 299b6a2d2
JCL      - 2d83aa3b76 based on jdk-11.0.13+8
BootLoader constants: OS=win32, ARCH=x86_64, WS=win32, NL=en_US
Command-line arguments:  -clean -nl en_US -configuration C:\Users\reube\Desktop\Coding\pds\.metadata\workspace_oplrun

!ENTRY ilog.odms.ide.opllang.remote 1 0 2024-02-24 22:07:27.723
!MESSAGE Run basket_design in C:/Users/reube/Desktop/Coding/pds/cplex
!SESSION 2024-02-24 22:12:17.134 -----------------------------------------------
eclipse.buildId=unknown
java.fullversion=11.0.13+8
JRE 11 Windows 10 amd64-64-Bit Compressed References 20211022_218 (JIT enabled, AOT enabled)
OpenJ9   - e1e72c497
OMR      - 299b6a2d2
JCL      - 2d83aa3b76 based on jdk-11.0.13+8
BootLoader constants: OS=win32, ARCH=x86_64, WS=win32, NL=en_US
Command-line arguments:  -clean -nl en_US -configuration C:\Users\reube\Desktop\Coding\pds\.metadata\workspace_oplrun

!ENTRY ilog.odms.ide.opllang.remote 1 0 2024-02-24 22:12:17.134
!MESSAGE Run basket_design in C:/Users/reube/Desktop/Coding/pds/cplex
!SESSION 2024-02-24 22:12:56.057 -----------------------------------------------
eclipse.buildId=unknown
java.fullversion=11.0.13+8
JRE 11 Windows 10 amd64-64-Bit Compressed References 20211022_218 (JIT enabled, AOT enabled)
OpenJ9   - e1e72c497
OMR      - 299b6a2d2
JCL      - 2d83aa3b76 based on jdk-11.0.13+8
BootLoader constants: OS=win32, ARCH=x86_64, WS=win32, NL=en_US
Command-line arguments:  -clean -nl en_US -configuration C:\Users\reube\Desktop\Coding\pds\.metadata\workspace_oplrun

!ENTRY ilog.odms.ide.opllang.remote 1 0 2024-02-24 22:12:56.057
!MESSAGE Run basket_design in C:/Users/reube/Desktop/Coding/pds/cplex
!SESSION 2024-02-24 22:13:20.132 -----------------------------------------------
eclipse.buildId=unknown
java.fullversion=11.0.13+8
JRE 11 Windows 10 amd64-64-Bit Compressed References 20211022_218 (JIT enabled, AOT enabled)
OpenJ9   - e1e72c497
OMR      - 299b6a2d2
JCL      - 2d83aa3b76 based on jdk-11.0.13+8
BootLoader constants: OS=win32, ARCH=x86_64, WS=win32, NL=en_US
Command-line arguments:  -clean -nl en_US -configuration C:\Users\reube\Desktop\Coding\pds\.metadata\workspace_oplrun

!ENTRY ilog.odms.ide.opllang.remote 1 0 2024-02-24 22:13:20.132
!MESSAGE Run basket_design in C:/Users/reube/Desktop/Coding/pds/cplex
!SESSION 2024-02-24 22:13:52.680 -----------------------------------------------
eclipse.buildId=unknown
java.fullversion=11.0.13+8
JRE 11 Windows 10 amd64-64-Bit Compressed References 20211022_218 (JIT enabled, AOT enabled)
OpenJ9   - e1e72c497
OMR      - 299b6a2d2
JCL      - 2d83aa3b76 based on jdk-11.0.13+8
BootLoader constants: OS=win32, ARCH=x86_64, WS=win32, NL=en_US
Command-line arguments:  -clean -nl en_US -configuration C:\Users\reube\Desktop\Coding\pds\.metadata\workspace_oplrun

!ENTRY ilog.odms.ide.opllang.remote 1 0 2024-02-24 22:13:52.680
!MESSAGE Run basket_design in C:/Users/reube/Desktop/Coding/pds/cplex
!SESSION 2024-02-24 22:31:26.082 -----------------------------------------------
eclipse.buildId=unknown
java.fullversion=11.0.13+8
JRE 11 Windows 10 amd64-64-Bit Compressed References 20211022_218 (JIT enabled, AOT enabled)
OpenJ9   - e1e72c497
OMR      - 299b6a2d2
JCL      - 2d83aa3b76 based on jdk-11.0.13+8
BootLoader constants: OS=win32, ARCH=x86_64, WS=win32, NL=en_US
Command-line arguments:  -clean -nl en_US -configuration C:\Users\reube\Desktop\Coding\pds\.metadata\workspace_oplrun

!ENTRY ilog.odms.ide.opllang.remote 1 0 2024-02-24 22:31:26.082
!MESSAGE Run basket_design in C:/Users/reube/Desktop/Coding/pds/cplex
!SESSION 2024-02-24 22:31:47.394 -----------------------------------------------
eclipse.buildId=unknown
java.fullversion=11.0.13+8
JRE 11 Windows 10 amd64-64-Bit Compressed References 20211022_218 (JIT enabled, AOT enabled)
OpenJ9   - e1e72c497
OMR      - 299b6a2d2
JCL      - 2d83aa3b76 based on jdk-11.0.13+8
BootLoader constants: OS=win32, ARCH=x86_64, WS=win32, NL=en_US
Command-line arguments:  -clean -nl en_US -configuration C:\Users\reube\Desktop\Coding\pds\.metadata\workspace_oplrun

!ENTRY ilog.odms.ide.opllang.remote 1 0 2024-02-24 22:31:47.394
!MESSAGE Run basket_design in C:/Users/reube/Desktop/Coding/pds/cplex
!SESSION 2024-02-25 16:16:42.159 -----------------------------------------------
eclipse.buildId=unknown
java.fullversion=11.0.13+8
JRE 11 Windows 10 amd64-64-Bit Compressed References 20211022_218 (JIT enabled, AOT enabled)
OpenJ9   - e1e72c497
OMR      - 299b6a2d2
JCL      - 2d83aa3b76 based on jdk-11.0.13+8
BootLoader constants: OS=win32, ARCH=x86_64, WS=win32, NL=en_US
Command-line arguments:  -clean -nl en_US -configuration C:\Users\reube\Desktop\Coding\pds\.metadata\workspace_oplrun

!ENTRY ilog.odms.ide.opllang.remote 1 0 2024-02-25 16:16:42.160
!MESSAGE Run basket_design in C:/Users/reube/Desktop/Coding/pds/cplex

!ENTRY ilog.odms.ide.opllang.remote 4 0 2024-02-25 16:16:42.546
!MESSAGE load failed
!STACK 1
org.eclipse.core.runtime.CoreException: load failed
	at ilog.odms.ide.opllang.remote.IloOplRunConfigRunner.doSetUpModel(IloOplRunConfigRunner.java:146)
	at ilog.odms.ide.opllang.remote.IloOplRunConfigRunner.doRun(IloOplRunConfigRunner.java:374)
	at ilog.odms.ide.opllang.run.IloAbstractRunShell$2.run(IloAbstractRunShell.java:1605)
	at org.eclipse.core.internal.jobs.Worker.run(Worker.java:63)
Caused by: ilog.concert.IloException: Impossible to load model.
	at ilog.opl.opl_lang_wrapJNI.IloOplRunConfiguration_getCppOplModel(Native Method)
	at ilog.opl.IloOplRunConfiguration.getCppOplModel(IloOplRunConfiguration.java:240)
	at ilog.opl.IloOplRunConfiguration.getOplModel(IloOplRunConfiguration.java:139)
	at ilog.odms.ide.opllang.remote.IloOplRunConfigRunner.doSetUpModel(IloOplRunConfigRunner.java:140)
	... 3 more
!SUBENTRY 1 ilog.odms.ide.opllang.remote 4 0 2024-02-25 16:16:42.546
!MESSAGE load failed
!STACK 0
ilog.concert.IloException: Impossible to load model.
	at ilog.opl.opl_lang_wrapJNI.IloOplRunConfiguration_getCppOplModel(Native Method)
	at ilog.opl.IloOplRunConfiguration.getCppOplModel(IloOplRunConfiguration.java:240)
	at ilog.opl.IloOplRunConfiguration.getOplModel(IloOplRunConfiguration.java:139)
	at ilog.odms.ide.opllang.remote.IloOplRunConfigRunner.doSetUpModel(IloOplRunConfigRunner.java:140)
	at ilog.odms.ide.opllang.remote.IloOplRunConfigRunner.doRun(IloOplRunConfigRunner.java:374)
	at ilog.odms.ide.opllang.run.IloAbstractRunShell$2.run(IloAbstractRunShell.java:1605)
	at org.eclipse.core.internal.jobs.Worker.run(Worker.java:63)
!SESSION 2024-02-25 16:18:52.805 -----------------------------------------------
eclipse.buildId=unknown
java.fullversion=11.0.13+8
JRE 11 Windows 10 amd64-64-Bit Compressed References 20211022_218 (JIT enabled, AOT enabled)
OpenJ9   - e1e72c497
OMR      - 299b6a2d2
JCL      - 2d83aa3b76 based on jdk-11.0.13+8
BootLoader constants: OS=win32, ARCH=x86_64, WS=win32, NL=en_US
Command-line arguments:  -clean -nl en_US -configuration C:\Users\reube\Desktop\Coding\pds\.metadata\workspace_oplrun

!ENTRY ilog.odms.ide.opllang.remote 1 0 2024-02-25 16:18:52.805
!MESSAGE Run basket_design in C:/Users/reube/Desktop/Coding/pds/cplex

!ENTRY ilog.odms.ide.opllang.remote 4 0 2024-02-25 16:18:52.950
!MESSAGE load failed
!STACK 1
org.eclipse.core.runtime.CoreException: load failed
	at ilog.odms.ide.opllang.remote.IloOplRunConfigRunner.doSetUpModel(IloOplRunConfigRunner.java:146)
	at ilog.odms.ide.opllang.remote.IloOplRunConfigRunner.doRun(IloOplRunConfigRunner.java:374)
	at ilog.odms.ide.opllang.run.IloAbstractRunShell$2.run(IloAbstractRunShell.java:1605)
	at org.eclipse.core.internal.jobs.Worker.run(Worker.java:63)
Caused by: ilog.concert.IloException: Impossible to load model.
	at ilog.opl.opl_lang_wrapJNI.IloOplRunConfiguration_getCppOplModel(Native Method)
	at ilog.opl.IloOplRunConfiguration.getCppOplModel(IloOplRunConfiguration.java:240)
	at ilog.opl.IloOplRunConfiguration.getOplModel(IloOplRunConfiguration.java:139)
	at ilog.odms.ide.opllang.remote.IloOplRunConfigRunner.doSetUpModel(IloOplRunConfigRunner.java:140)
	... 3 more
!SUBENTRY 1 ilog.odms.ide.opllang.remote 4 0 2024-02-25 16:18:52.950
!MESSAGE load failed
!STACK 0
ilog.concert.IloException: Impossible to load model.
	at ilog.opl.opl_lang_wrapJNI.IloOplRunConfiguration_getCppOplModel(Native Method)
	at ilog.opl.IloOplRunConfiguration.getCppOplModel(IloOplRunConfiguration.java:240)
	at ilog.opl.IloOplRunConfiguration.getOplModel(IloOplRunConfiguration.java:139)
	at ilog.odms.ide.opllang.remote.IloOplRunConfigRunner.doSetUpModel(IloOplRunConfigRunner.java:140)
	at ilog.odms.ide.opllang.remote.IloOplRunConfigRunner.doRun(IloOplRunConfigRunner.java:374)
	at ilog.odms.ide.opllang.run.IloAbstractRunShell$2.run(IloAbstractRunShell.java:1605)
	at org.eclipse.core.internal.jobs.Worker.run(Worker.java:63)
!SESSION 2024-02-25 16:24:26.166 -----------------------------------------------
eclipse.buildId=unknown
java.fullversion=11.0.13+8
JRE 11 Windows 10 amd64-64-Bit Compressed References 20211022_218 (JIT enabled, AOT enabled)
OpenJ9   - e1e72c497
OMR      - 299b6a2d2
JCL      - 2d83aa3b76 based on jdk-11.0.13+8
BootLoader constants: OS=win32, ARCH=x86_64, WS=win32, NL=en_US
Command-line arguments:  -clean -nl en_US -configuration C:\Users\reube\Desktop\Coding\pds\.metadata\workspace_oplrun

!ENTRY ilog.odms.ide.opllang.remote 1 0 2024-02-25 16:24:26.167
!MESSAGE Run basket_design in C:/Users/reube/Desktop/Coding/pds/cplex
!SESSION 2024-02-25 16:25:51.611 -----------------------------------------------
eclipse.buildId=unknown
java.fullversion=11.0.13+8
JRE 11 Windows 10 amd64-64-Bit Compressed References 20211022_218 (JIT enabled, AOT enabled)
OpenJ9   - e1e72c497
OMR      - 299b6a2d2
JCL      - 2d83aa3b76 based on jdk-11.0.13+8
BootLoader constants: OS=win32, ARCH=x86_64, WS=win32, NL=en_US
Command-line arguments:  -clean -nl en_US -configuration C:\Users\reube\Desktop\Coding\pds\.metadata\workspace_oplrun

!ENTRY ilog.odms.ide.opllang.remote 1 0 2024-02-25 16:25:51.611
!MESSAGE Run basket_design in C:/Users/reube/Desktop/Coding/pds/cplex
!SESSION 2024-02-25 16:28:58.729 -----------------------------------------------
eclipse.buildId=unknown
java.fullversion=11.0.13+8
JRE 11 Windows 10 amd64-64-Bit Compressed References 20211022_218 (JIT enabled, AOT enabled)
OpenJ9   - e1e72c497
OMR      - 299b6a2d2
JCL      - 2d83aa3b76 based on jdk-11.0.13+8
BootLoader constants: OS=win32, ARCH=x86_64, WS=win32, NL=en_US
Command-line arguments:  -clean -nl en_US -configuration C:\Users\reube\Desktop\Coding\pds\.metadata\workspace_oplrun

!ENTRY ilog.odms.ide.opllang.remote 1 0 2024-02-25 16:28:58.729
!MESSAGE Run basket_design in C:/Users/reube/Desktop/Coding/pds/cplex

!ENTRY ilog.odms.ide.opllang.remote 4 0 2024-02-25 16:29:04.205
!MESSAGE run failed
!STACK 0
ilog.concert.IloException: Processing failed.
	at ilog.opl.opl_lang_wrapJNI.IloOplModel_getModel(Native Method)
	at ilog.opl.IloOplModel.getModel(IloOplModel.java:633)
	at ilog.odms.ide.opllang.run.IloAbstractRunShell.loadModel(IloAbstractRunShell.java:1215)
	at ilog.odms.ide.opllang.remote.IloOplRunConfigRunner.doProcessModel(IloOplRunConfigRunner.java:156)
	at ilog.odms.ide.opllang.remote.IloOplRunConfigRunner.doRun(IloOplRunConfigRunner.java:377)
	at ilog.odms.ide.opllang.run.IloAbstractRunShell$2.run(IloAbstractRunShell.java:1605)
	at org.eclipse.core.internal.jobs.Worker.run(Worker.java:63)
!SESSION 2024-02-25 16:29:16.653 -----------------------------------------------
eclipse.buildId=unknown
java.fullversion=11.0.13+8
JRE 11 Windows 10 amd64-64-Bit Compressed References 20211022_218 (JIT enabled, AOT enabled)
OpenJ9   - e1e72c497
OMR      - 299b6a2d2
JCL      - 2d83aa3b76 based on jdk-11.0.13+8
BootLoader constants: OS=win32, ARCH=x86_64, WS=win32, NL=en_US
Command-line arguments:  -clean -nl en_US -configuration C:\Users\reube\Desktop\Coding\pds\.metadata\workspace_oplrun

!ENTRY ilog.odms.ide.opllang.remote 1 0 2024-02-25 16:29:16.653
!MESSAGE Run basket_design in C:/Users/reube/Desktop/Coding/pds/cplex

!ENTRY ilog.odms.ide.opllang.remote 4 0 2024-02-25 16:29:22.165
!MESSAGE run failed
!STACK 0
ilog.concert.IloException: Processing failed.
	at ilog.opl.opl_lang_wrapJNI.IloOplModel_getModel(Native Method)
	at ilog.opl.IloOplModel.getModel(IloOplModel.java:633)
	at ilog.odms.ide.opllang.run.IloAbstractRunShell.loadModel(IloAbstractRunShell.java:1215)
	at ilog.odms.ide.opllang.remote.IloOplRunConfigRunner.doProcessModel(IloOplRunConfigRunner.java:156)
	at ilog.odms.ide.opllang.remote.IloOplRunConfigRunner.doRun(IloOplRunConfigRunner.java:377)
	at ilog.odms.ide.opllang.run.IloAbstractRunShell$2.run(IloAbstractRunShell.java:1605)
	at org.eclipse.core.internal.jobs.Worker.run(Worker.java:63)
!SESSION 2024-02-25 16:29:46.896 -----------------------------------------------
eclipse.buildId=unknown
java.fullversion=11.0.13+8
JRE 11 Windows 10 amd64-64-Bit Compressed References 20211022_218 (JIT enabled, AOT enabled)
OpenJ9   - e1e72c497
OMR      - 299b6a2d2
JCL      - 2d83aa3b76 based on jdk-11.0.13+8
BootLoader constants: OS=win32, ARCH=x86_64, WS=win32, NL=en_US
Command-line arguments:  -clean -nl en_US -configuration C:\Users\reube\Desktop\Coding\pds\.metadata\workspace_oplrun

!ENTRY ilog.odms.ide.opllang.remote 1 0 2024-02-25 16:29:46.896
!MESSAGE Run basket_design in C:/Users/reube/Desktop/Coding/pds/cplex
!SESSION 2024-02-25 16:30:09.991 -----------------------------------------------
eclipse.buildId=unknown
java.fullversion=11.0.13+8
JRE 11 Windows 10 amd64-64-Bit Compressed References 20211022_218 (JIT enabled, AOT enabled)
OpenJ9   - e1e72c497
OMR      - 299b6a2d2
JCL      - 2d83aa3b76 based on jdk-11.0.13+8
BootLoader constants: OS=win32, ARCH=x86_64, WS=win32, NL=en_US
Command-line arguments:  -clean -nl en_US -configuration C:\Users\reube\Desktop\Coding\pds\.metadata\workspace_oplrun

!ENTRY ilog.odms.ide.opllang.remote 1 0 2024-02-25 16:30:09.992
!MESSAGE Run basket_design in C:/Users/reube/Desktop/Coding/pds/cplex
!SESSION 2024-02-25 16:31:58.234 -----------------------------------------------
eclipse.buildId=unknown
java.fullversion=11.0.13+8
JRE 11 Windows 10 amd64-64-Bit Compressed References 20211022_218 (JIT enabled, AOT enabled)
OpenJ9   - e1e72c497
OMR      - 299b6a2d2
JCL      - 2d83aa3b76 based on jdk-11.0.13+8
BootLoader constants: OS=win32, ARCH=x86_64, WS=win32, NL=en_US
Command-line arguments:  -clean -nl en_US -configuration C:\Users\reube\Desktop\Coding\pds\.metadata\workspace_oplrun

!ENTRY ilog.odms.ide.opllang.remote 1 0 2024-02-25 16:31:58.234
!MESSAGE Run basket_design in C:/Users/reube/Desktop/Coding/pds/cplex

!ENTRY ilog.odms.ide.opllang.remote 4 0 2024-02-25 16:32:03.682
!MESSAGE Processing failed.
!STACK 0
ilog.concert.IloException: Processing failed.
	at ilog.opl.opl_lang_wrapJNI.IloOplModel_postProcess(Native Method)
	at ilog.opl.IloOplModel.postProcess(IloOplModel.java:747)
	at ilog.odms.ide.opllang.run.IloAbstractRunShell.postProcess(IloAbstractRunShell.java:1968)
	at ilog.odms.ide.opllang.run.IloAbstractRunShell.sendSolution(IloAbstractRunShell.java:1826)
	at ilog.odms.ide.opllang.run.IloAbstractRunShell.processSolution(IloAbstractRunShell.java:1880)
	at ilog.odms.ide.opllang.remote.IloOplRunConfigRunner.doProcessModel(IloOplRunConfigRunner.java:165)
	at ilog.odms.ide.opllang.remote.IloOplRunConfigRunner.doRun(IloOplRunConfigRunner.java:377)
	at ilog.odms.ide.opllang.run.IloAbstractRunShell$2.run(IloAbstractRunShell.java:1605)
	at org.eclipse.core.internal.jobs.Worker.run(Worker.java:63)
!SESSION 2024-02-25 16:32:26.610 -----------------------------------------------
eclipse.buildId=unknown
java.fullversion=11.0.13+8
JRE 11 Windows 10 amd64-64-Bit Compressed References 20211022_218 (JIT enabled, AOT enabled)
OpenJ9   - e1e72c497
OMR      - 299b6a2d2
JCL      - 2d83aa3b76 based on jdk-11.0.13+8
BootLoader constants: OS=win32, ARCH=x86_64, WS=win32, NL=en_US
Command-line arguments:  -clean -nl en_US -configuration C:\Users\reube\Desktop\Coding\pds\.metadata\workspace_oplrun

!ENTRY ilog.odms.ide.opllang.remote 1 0 2024-02-25 16:32:26.611
!MESSAGE Run basket_design in C:/Users/reube/Desktop/Coding/pds/cplex
